
*** Running vivado
    with args -log dma_auto_pc_2.vds -m64 -product Vivado -mode batch -messageDb vivado.pb -notrace -source dma_auto_pc_2.tcl



****** Vivado v2024.1.2 (64-bit)
  **** SW Build 5164865 on Thu Sep  5 14:37:11 MDT 2024
  **** IP Build 5164407 on Fri Sep  6 08:18:11 MDT 2024
  **** SharedData Build 5164864 on Thu Sep 05 13:09:09 MDT 2024
  **** Start of session at: Thu Nov 14 15:03:09 2024
    ** Copyright 1986-2022 Xilinx, Inc. All Rights Reserved.
    ** Copyright 2022-2024 Advanced Micro Devices, Inc. All Rights Reserved.

source dma_auto_pc_2.tcl -notrace
create_project: Time (s): cpu = 00:00:03 ; elapsed = 00:00:08 . Memory (MB): peak = 690.289 ; gain = 237.152
INFO: [IP_Flow 19-234] Refreshing IP repositories
INFO: [IP_Flow 19-1700] Loaded user IP repository 'c:/Projects/ERN24004/digilent/vivado-library-master'.
INFO: [IP_Flow 19-2313] Loaded Vivado IP repository 'C:/Xilinx/Vivado/2024.1/data/ip'.
INFO: [IP_Flow 19-6924] IPCACHE: Running cache check for IP inst: dma_auto_pc_2
INFO: [IP_Flow 19-6922] IPCACHE: Exporting cached entry b1c72505146bb989 to dir: C:/Projects/ERN24004/Projects/DMA/DMA.runs/dma_auto_pc_2_synth_1
INFO: [IP_Flow 19-6928] IPCACHE: copied cached file c:/Projects/ERN24004/Projects/DMA/DMA.cache/ip/2024.1.2/b/1/b1c72505146bb989/dma_auto_pc_1.dcp to C:/Projects/ERN24004/Projects/DMA/DMA.runs/dma_auto_pc_2_synth_1/dma_auto_pc_2.dcp.
INFO: [IP_Flow 19-6928] IPCACHE: copied cached file c:/Projects/ERN24004/Projects/DMA/DMA.cache/ip/2024.1.2/b/1/b1c72505146bb989/dma_auto_pc_1_sim_netlist.v to C:/Projects/ERN24004/Projects/DMA/DMA.runs/dma_auto_pc_2_synth_1/dma_auto_pc_2_sim_netlist.v.
INFO: [IP_Flow 19-6928] IPCACHE: copied cached file c:/Projects/ERN24004/Projects/DMA/DMA.cache/ip/2024.1.2/b/1/b1c72505146bb989/dma_auto_pc_1_sim_netlist.vhdl to C:/Projects/ERN24004/Projects/DMA/DMA.runs/dma_auto_pc_2_synth_1/dma_auto_pc_2_sim_netlist.vhdl.
INFO: [IP_Flow 19-6928] IPCACHE: copied cached file c:/Projects/ERN24004/Projects/DMA/DMA.cache/ip/2024.1.2/b/1/b1c72505146bb989/dma_auto_pc_1_stub.v to C:/Projects/ERN24004/Projects/DMA/DMA.runs/dma_auto_pc_2_synth_1/dma_auto_pc_2_stub.v.
INFO: [IP_Flow 19-6928] IPCACHE: copied cached file c:/Projects/ERN24004/Projects/DMA/DMA.cache/ip/2024.1.2/b/1/b1c72505146bb989/dma_auto_pc_1_stub.vhdl to C:/Projects/ERN24004/Projects/DMA/DMA.runs/dma_auto_pc_2_synth_1/dma_auto_pc_2_stub.vhdl.
INFO: [IP_Flow 19-4838] Using cached IP synthesis design for IP dma_auto_pc_2, cache-ID = b1c72505146bb989.
INFO: [Common 17-206] Exiting Vivado at Thu Nov 14 15:03:26 2024...
